<?xml version="1.0" encoding="UTF-8"?>
<testsuite name="com.seb.controller.PostControllerTest" tests="6" skipped="0" failures="0" errors="0" timestamp="2016-11-18T06:00:49" hostname="jeongsebin-ui-MacBook-Pro.local" time="0.146">
  <properties/>
  <testcase name="createPostValid" classname="com.seb.controller.PostControllerTest" time="0.072"/>
  <testcase name="findPostById" classname="com.seb.controller.PostControllerTest" time="0.046"/>
  <testcase name="modifyPost" classname="com.seb.controller.PostControllerTest" time="0.007"/>
  <testcase name="editPost" classname="com.seb.controller.PostControllerTest" time="0.005"/>
  <testcase name="deletePost" classname="com.seb.controller.PostControllerTest" time="0.006"/>
  <testcase name="newPost" classname="com.seb.controller.PostControllerTest" time="0.004"/>
  <system-out><![CDATA[15:00:47.658 [Test worker] DEBUG org.springframework.test.context.junit4.SpringJUnit4ClassRunner - SpringJUnit4ClassRunner constructor called with [class com.seb.controller.PostControllerTest]
15:00:47.661 [Test worker] DEBUG org.springframework.test.context.BootstrapUtils - Instantiating CacheAwareContextLoaderDelegate from class [org.springframework.test.context.cache.DefaultCacheAwareContextLoaderDelegate]
15:00:47.666 [Test worker] DEBUG org.springframework.test.context.BootstrapUtils - Instantiating BootstrapContext using constructor [public org.springframework.test.context.support.DefaultBootstrapContext(java.lang.Class,org.springframework.test.context.CacheAwareContextLoaderDelegate)]
15:00:47.678 [Test worker] DEBUG org.springframework.test.context.BootstrapUtils - Instantiating TestContextBootstrapper for test class [com.seb.controller.PostControllerTest] from class [org.springframework.boot.test.autoconfigure.web.servlet.WebMvcTestContextBootstrapper]
15:00:47.695 [Test worker] INFO org.springframework.boot.test.autoconfigure.web.servlet.WebMvcTestContextBootstrapper - Neither @ContextConfiguration nor @ContextHierarchy found for test class [com.seb.controller.PostControllerTest], using SpringBootContextLoader
15:00:47.698 [Test worker] DEBUG org.springframework.test.context.support.AbstractContextLoader - Did not detect default resource location for test class [com.seb.controller.PostControllerTest]: class path resource [com/seb/controller/PostControllerTest-context.xml] does not exist
15:00:47.698 [Test worker] DEBUG org.springframework.test.context.support.AbstractContextLoader - Did not detect default resource location for test class [com.seb.controller.PostControllerTest]: class path resource [com/seb/controller/PostControllerTestContext.groovy] does not exist
15:00:47.699 [Test worker] INFO org.springframework.test.context.support.AbstractContextLoader - Could not detect default resource locations for test class [com.seb.controller.PostControllerTest]: no resource found for suffixes {-context.xml, Context.groovy}.
15:00:47.699 [Test worker] INFO org.springframework.test.context.support.AnnotationConfigContextLoaderUtils - Could not detect default configuration classes for test class [com.seb.controller.PostControllerTest]: PostControllerTest does not declare any static, non-private, non-final, nested classes annotated with @Configuration.
15:00:47.752 [Test worker] DEBUG org.springframework.test.context.support.ActiveProfilesUtils - Could not find an 'annotation declaring class' for annotation type [org.springframework.test.context.ActiveProfiles] and class [com.seb.controller.PostControllerTest]
15:00:47.782 [Test worker] DEBUG org.springframework.core.env.StandardEnvironment - Adding [systemProperties] PropertySource with lowest search precedence
15:00:47.783 [Test worker] DEBUG org.springframework.core.env.StandardEnvironment - Adding [systemEnvironment] PropertySource with lowest search precedence
15:00:47.783 [Test worker] DEBUG org.springframework.core.env.StandardEnvironment - Initialized StandardEnvironment with PropertySources [systemProperties,systemEnvironment]
15:00:47.790 [Test worker] DEBUG org.springframework.core.io.support.PathMatchingResourcePatternResolver - Resolved classpath location [com/seb/controller/] to resources [URL [file:/Users/woowahan/Documents/workspace/sebblog/build/classes/test/com/seb/controller/], URL [file:/Users/woowahan/Documents/workspace/sebblog/build/classes/main/com/seb/controller/]]
15:00:47.790 [Test worker] DEBUG org.springframework.core.io.support.PathMatchingResourcePatternResolver - Looking for matching resources in directory tree [/Users/woowahan/Documents/workspace/sebblog/build/classes/test/com/seb/controller]
15:00:47.790 [Test worker] DEBUG org.springframework.core.io.support.PathMatchingResourcePatternResolver - Searching directory [/Users/woowahan/Documents/workspace/sebblog/build/classes/test/com/seb/controller] for files matching pattern [/Users/woowahan/Documents/workspace/sebblog/build/classes/test/com/seb/controller/*.class]
15:00:47.793 [Test worker] DEBUG org.springframework.core.io.support.PathMatchingResourcePatternResolver - Looking for matching resources in directory tree [/Users/woowahan/Documents/workspace/sebblog/build/classes/main/com/seb/controller]
15:00:47.793 [Test worker] DEBUG org.springframework.core.io.support.PathMatchingResourcePatternResolver - Searching directory [/Users/woowahan/Documents/workspace/sebblog/build/classes/main/com/seb/controller] for files matching pattern [/Users/woowahan/Documents/workspace/sebblog/build/classes/main/com/seb/controller/*.class]
15:00:47.793 [Test worker] DEBUG org.springframework.core.io.support.PathMatchingResourcePatternResolver - Resolved location pattern [classpath*:com/seb/controller/*.class] to resources [file [/Users/woowahan/Documents/workspace/sebblog/build/classes/test/com/seb/controller/PostControllerTest.class], file [/Users/woowahan/Documents/workspace/sebblog/build/classes/main/com/seb/controller/PostController.class]]
15:00:47.814 [Test worker] DEBUG org.springframework.core.io.support.PathMatchingResourcePatternResolver - Resolved classpath location [com/seb/] to resources [URL [file:/Users/woowahan/Documents/workspace/sebblog/build/classes/test/com/seb/], URL [file:/Users/woowahan/Documents/workspace/sebblog/build/classes/main/com/seb/]]
15:00:47.814 [Test worker] DEBUG org.springframework.core.io.support.PathMatchingResourcePatternResolver - Looking for matching resources in directory tree [/Users/woowahan/Documents/workspace/sebblog/build/classes/test/com/seb]
15:00:47.814 [Test worker] DEBUG org.springframework.core.io.support.PathMatchingResourcePatternResolver - Searching directory [/Users/woowahan/Documents/workspace/sebblog/build/classes/test/com/seb] for files matching pattern [/Users/woowahan/Documents/workspace/sebblog/build/classes/test/com/seb/*.class]
15:00:47.815 [Test worker] DEBUG org.springframework.core.io.support.PathMatchingResourcePatternResolver - Looking for matching resources in directory tree [/Users/woowahan/Documents/workspace/sebblog/build/classes/main/com/seb]
15:00:47.815 [Test worker] DEBUG org.springframework.core.io.support.PathMatchingResourcePatternResolver - Searching directory [/Users/woowahan/Documents/workspace/sebblog/build/classes/main/com/seb] for files matching pattern [/Users/woowahan/Documents/workspace/sebblog/build/classes/main/com/seb/*.class]
15:00:47.816 [Test worker] DEBUG org.springframework.core.io.support.PathMatchingResourcePatternResolver - Resolved location pattern [classpath*:com/seb/*.class] to resources [file [/Users/woowahan/Documents/workspace/sebblog/build/classes/test/com/seb/SebBlogApplicationTests.class], file [/Users/woowahan/Documents/workspace/sebblog/build/classes/main/com/seb/SebBlogApplication.class]]
15:00:47.835 [Test worker] DEBUG org.springframework.context.annotation.ClassPathScanningCandidateComponentProvider - Identified candidate component class: file [/Users/woowahan/Documents/workspace/sebblog/build/classes/main/com/seb/SebBlogApplication.class]
15:00:47.836 [Test worker] INFO org.springframework.boot.test.context.SpringBootTestContextBootstrapper - Found @SpringBootConfiguration com.seb.SebBlogApplication for test class com.seb.controller.PostControllerTest
15:00:47.838 [Test worker] DEBUG org.springframework.boot.test.autoconfigure.web.servlet.WebMvcTestContextBootstrapper - @TestExecutionListeners is not present for class [com.seb.controller.PostControllerTest]: using defaults.
15:00:47.841 [Test worker] INFO org.springframework.boot.test.autoconfigure.web.servlet.WebMvcTestContextBootstrapper - Loaded default TestExecutionListener class names from location [META-INF/spring.factories]: [org.springframework.boot.test.mock.mockito.MockitoTestExecutionListener, org.springframework.boot.test.mock.mockito.ResetMocksTestExecutionListener, org.springframework.boot.test.autoconfigure.restdocs.RestDocsTestExecutionListener, org.springframework.boot.test.autoconfigure.web.client.MockRestServiceServerResetTestExecutionListener, org.springframework.boot.test.autoconfigure.web.servlet.MockMvcPrintOnlyOnFailureTestExecutionListener, org.springframework.boot.test.autoconfigure.web.servlet.WebDriverTestExecutionListener, org.springframework.test.context.web.ServletTestExecutionListener, org.springframework.test.context.support.DirtiesContextBeforeModesTestExecutionListener, org.springframework.test.context.support.DependencyInjectionTestExecutionListener, org.springframework.test.context.support.DirtiesContextTestExecutionListener, org.springframework.test.context.transaction.TransactionalTestExecutionListener, org.springframework.test.context.jdbc.SqlScriptsTestExecutionListener]
15:00:47.858 [Test worker] INFO org.springframework.boot.test.autoconfigure.web.servlet.WebMvcTestContextBootstrapper - Using TestExecutionListeners: [org.springframework.test.context.web.ServletTestExecutionListener@59bdbfac, org.springframework.test.context.support.DirtiesContextBeforeModesTestExecutionListener@9978631, org.springframework.boot.test.autoconfigure.SpringBootDependencyInjectionTestExecutionListener@178e39db, org.springframework.test.context.support.DirtiesContextTestExecutionListener@24dbbde0, org.springframework.test.context.transaction.TransactionalTestExecutionListener@102f3608, org.springframework.test.context.jdbc.SqlScriptsTestExecutionListener@253c9c32, org.springframework.boot.test.autoconfigure.web.servlet.MockMvcPrintOnlyOnFailureTestExecutionListener@439a29af, org.springframework.boot.test.mock.mockito.ResetMocksTestExecutionListener@3ad7a881, org.springframework.boot.test.autoconfigure.web.servlet.WebDriverTestExecutionListener@532146a5, org.springframework.boot.test.autoconfigure.restdocs.RestDocsTestExecutionListener@12bd9dff, org.springframework.boot.test.mock.mockito.MockitoTestExecutionListener@f81956, org.springframework.boot.test.autoconfigure.web.client.MockRestServiceServerResetTestExecutionListener@7ec3a68]
15:00:47.860 [Test worker] DEBUG org.springframework.test.annotation.ProfileValueUtils - Retrieved @ProfileValueSourceConfiguration [null] for test class [com.seb.controller.PostControllerTest]
15:00:47.860 [Test worker] DEBUG org.springframework.test.annotation.ProfileValueUtils - Retrieved ProfileValueSource type [class org.springframework.test.annotation.SystemProfileValueSource] for class [com.seb.controller.PostControllerTest]
15:00:47.861 [Test worker] DEBUG org.springframework.test.annotation.ProfileValueUtils - Retrieved @ProfileValueSourceConfiguration [null] for test class [com.seb.controller.PostControllerTest]
15:00:47.861 [Test worker] DEBUG org.springframework.test.annotation.ProfileValueUtils - Retrieved ProfileValueSource type [class org.springframework.test.annotation.SystemProfileValueSource] for class [com.seb.controller.PostControllerTest]
15:00:47.864 [Test worker] DEBUG org.springframework.test.context.support.AbstractDirtiesContextTestExecutionListener - Before test class: context [DefaultTestContext@6a724840 testClass = PostControllerTest, testInstance = [null], testMethod = [null], testException = [null], mergedContextConfiguration = [WebMergedContextConfiguration@3b8c45c9 testClass = PostControllerTest, locations = '{}', classes = '{class com.seb.SebBlogApplication}', contextInitializerClasses = '[]', activeProfiles = '{}', propertySourceLocations = '{}', propertySourceProperties = '{org.springframework.boot.test.autoconfigure.web.servlet.WebMvcTestContextBootstrapper=true}', contextCustomizers = set[org.springframework.boot.test.context.ImportsContextCustomizer@646fd743, org.springframework.boot.test.context.filter.ExcludeFilterContextCustomizer@518076e, org.springframework.boot.test.mock.mockito.MockitoContextCustomizer@fbbab19c, org.springframework.boot.test.autoconfigure.OverrideAutoConfigurationContextCustomizerFactory$DisableAutoConfigurationContextCustomizer@e123e14, org.springframework.boot.test.autoconfigure.filter.TypeExcludeFiltersContextCustomizer@7e19fc2, org.springframework.boot.test.autoconfigure.properties.PropertyMappingContextCustomizer@a9546b, org.springframework.boot.test.autoconfigure.web.servlet.WebDriverContextCustomizerFactory$Customizer@52bcd78f], resourceBasePath = '', contextLoader = 'org.springframework.boot.test.context.SpringBootContextLoader', parent = [null]]], class annotated with @DirtiesContext [false] with mode [null].
15:00:47.864 [Test worker] DEBUG org.springframework.test.annotation.ProfileValueUtils - Retrieved @ProfileValueSourceConfiguration [null] for test class [com.seb.controller.PostControllerTest]
15:00:47.864 [Test worker] DEBUG org.springframework.test.annotation.ProfileValueUtils - Retrieved ProfileValueSource type [class org.springframework.test.annotation.SystemProfileValueSource] for class [com.seb.controller.PostControllerTest]
15:00:47.865 [Test worker] DEBUG org.springframework.test.context.support.DependencyInjectionTestExecutionListener - Performing dependency injection for test context [[DefaultTestContext@6a724840 testClass = PostControllerTest, testInstance = com.seb.controller.PostControllerTest@277e936d, testMethod = [null], testException = [null], mergedContextConfiguration = [WebMergedContextConfiguration@3b8c45c9 testClass = PostControllerTest, locations = '{}', classes = '{class com.seb.SebBlogApplication}', contextInitializerClasses = '[]', activeProfiles = '{}', propertySourceLocations = '{}', propertySourceProperties = '{org.springframework.boot.test.autoconfigure.web.servlet.WebMvcTestContextBootstrapper=true}', contextCustomizers = set[org.springframework.boot.test.context.ImportsContextCustomizer@646fd743, org.springframework.boot.test.context.filter.ExcludeFilterContextCustomizer@518076e, org.springframework.boot.test.mock.mockito.MockitoContextCustomizer@fbbab19c, org.springframework.boot.test.autoconfigure.OverrideAutoConfigurationContextCustomizerFactory$DisableAutoConfigurationContextCustomizer@e123e14, org.springframework.boot.test.autoconfigure.filter.TypeExcludeFiltersContextCustomizer@7e19fc2, org.springframework.boot.test.autoconfigure.properties.PropertyMappingContextCustomizer@a9546b, org.springframework.boot.test.autoconfigure.web.servlet.WebDriverContextCustomizerFactory$Customizer@52bcd78f], resourceBasePath = '', contextLoader = 'org.springframework.boot.test.context.SpringBootContextLoader', parent = [null]]]].
15:00:47.887 [Test worker] DEBUG org.springframework.core.env.StandardEnvironment - Adding [systemProperties] PropertySource with lowest search precedence
15:00:47.887 [Test worker] DEBUG org.springframework.core.env.StandardEnvironment - Adding [systemEnvironment] PropertySource with lowest search precedence
15:00:47.887 [Test worker] DEBUG org.springframework.core.env.StandardEnvironment - Initialized StandardEnvironment with PropertySources [systemProperties,systemEnvironment]
15:00:47.888 [Test worker] DEBUG org.springframework.test.context.support.TestPropertySourceUtils - Adding inlined properties to environment: {spring.jmx.enabled=false, org.springframework.boot.test.autoconfigure.web.servlet.WebMvcTestContextBootstrapper=true, server.port=-1}
15:00:47.888 [Test worker] DEBUG org.springframework.core.env.StandardEnvironment - Adding [Inlined Test Properties] PropertySource with highest search precedence

  .   ____          _            __ _ _
 /\\ / ___'_ __ _ _(_)_ __  __ _ \ \ \ \
( ( )\___ | '_ | '_| | '_ \/ _` | \ \ \ \
 \\/  ___)| |_)| | | | | || (_| |  ) ) ) )
  '  |____| .__|_| |_|_| |_\__, | / / / /
 =========|_|==============|___/=/_/_/_/
 :: Spring Boot ::        (v1.4.2.RELEASE)

2016-11-18 15:00:48.504  INFO 99055 --- [    Test worker] com.seb.controller.PostControllerTest    : Starting PostControllerTest on jeongsebin-ui-MacBook-Pro.local with PID 99055 (started by woowahan in /Users/woowahan/Documents/workspace/sebblog)
2016-11-18 15:00:48.505  INFO 99055 --- [    Test worker] com.seb.controller.PostControllerTest    : No active profile set, falling back to default profiles: default
2016-11-18 15:00:48.519  INFO 99055 --- [    Test worker] o.s.w.c.s.GenericWebApplicationContext   : Refreshing org.springframework.web.context.support.GenericWebApplicationContext@19bbade: startup date [Fri Nov 18 15:00:48 KST 2016]; root of context hierarchy
2016-11-18 15:00:49.350  INFO 99055 --- [    Test worker] s.w.s.m.m.a.RequestMappingHandlerAdapter : Looking for @ControllerAdvice: org.springframework.web.context.support.GenericWebApplicationContext@19bbade: startup date [Fri Nov 18 15:00:48 KST 2016]; root of context hierarchy
2016-11-18 15:00:49.404  INFO 99055 --- [    Test worker] s.w.s.m.m.a.RequestMappingHandlerMapping : Mapped "{[/posts/edit/{id}],methods=[GET]}" onto public java.lang.String com.seb.controller.PostController.editPost(java.lang.Long,org.springframework.ui.Model)
2016-11-18 15:00:49.404  INFO 99055 --- [    Test worker] s.w.s.m.m.a.RequestMappingHandlerMapping : Mapped "{[/posts/new],methods=[GET]}" onto public java.lang.String com.seb.controller.PostController.newPost(com.seb.data.entity.Post)
2016-11-18 15:00:49.405  INFO 99055 --- [    Test worker] s.w.s.m.m.a.RequestMappingHandlerMapping : Mapped "{[/posts/{id}],methods=[GET]}" onto public java.lang.String com.seb.controller.PostController.findPostById(java.lang.Long,org.springframework.ui.Model)
2016-11-18 15:00:49.405  INFO 99055 --- [    Test worker] s.w.s.m.m.a.RequestMappingHandlerMapping : Mapped "{[/posts/{id}/edit],methods=[POST]}" onto public java.lang.String com.seb.controller.PostController.modifyPost(java.lang.Long,com.seb.data.entity.Post,org.springframework.validation.BindingResult)
2016-11-18 15:00:49.405  INFO 99055 --- [    Test worker] s.w.s.m.m.a.RequestMappingHandlerMapping : Mapped "{[/posts/{id}/delete],methods=[POST]}" onto public java.lang.String com.seb.controller.PostController.deletePost(java.lang.Long)
2016-11-18 15:00:49.405  INFO 99055 --- [    Test worker] s.w.s.m.m.a.RequestMappingHandlerMapping : Mapped "{[/posts],methods=[POST]}" onto public java.lang.String com.seb.controller.PostController.createPost(com.seb.data.entity.Post,org.springframework.validation.BindingResult,org.springframework.ui.Model)
2016-11-18 15:00:49.431  INFO 99055 --- [    Test worker] o.s.w.s.handler.SimpleUrlHandlerMapping  : Mapped URL path [/webjars/**] onto handler of type [class org.springframework.web.servlet.resource.ResourceHttpRequestHandler]
2016-11-18 15:00:49.431  INFO 99055 --- [    Test worker] o.s.w.s.handler.SimpleUrlHandlerMapping  : Mapped URL path [/**] onto handler of type [class org.springframework.web.servlet.resource.ResourceHttpRequestHandler]
2016-11-18 15:00:49.460  INFO 99055 --- [    Test worker] o.s.w.s.handler.SimpleUrlHandlerMapping  : Mapped URL path [/**/favicon.ico] onto handler of type [class org.springframework.web.servlet.resource.ResourceHttpRequestHandler]
2016-11-18 15:00:49.553  INFO 99055 --- [    Test worker] o.s.b.t.m.w.SpringBootMockServletContext : Initializing Spring FrameworkServlet ''
2016-11-18 15:00:49.553  INFO 99055 --- [    Test worker] o.s.t.web.servlet.TestDispatcherServlet  : FrameworkServlet '': initialization started
2016-11-18 15:00:49.572  INFO 99055 --- [    Test worker] o.s.t.web.servlet.TestDispatcherServlet  : FrameworkServlet '': initialization completed in 19 ms
2016-11-18 15:00:49.677  INFO 99055 --- [    Test worker] com.seb.controller.PostControllerTest    : Started PostControllerTest in 1.781 seconds (JVM running for 2.535)
]]></system-out>
  <system-err><![CDATA[]]></system-err>
</testsuite>
